{"A:\\Survey_Generator\\frontend-vite\\src\\App.tsx": {"path":"A:\\Survey_Generator\\frontend-vite\\src\\App.tsx","statementMap":{"0":{"start":{"line":2,"column":2},"end":{"line":56,"column":null}}},"fnMap":{"0":{"name":"App","decl":{"start":{"line":1,"column":9},"end":{"line":1,"column":15}},"loc":{"start":{"line":1,"column":15},"end":{"line":56,"column":null}},"line":1}},"branchMap":{},"s":{"0":2},"f":{"0":2},"b":{},"meta":{"lastBranch":0,"lastFunction":1,"lastStatement":1,"seen":{"f:1:9:1:15":0,"s:2:2:56:Infinity":0}}}
}
